2023-06-04T01:26:34.713+03:00  INFO 14952 --- [restartedMain] c.bookstore.backend.BackendApplication   : Starting BackendApplication using Java 17.0.7 with PID 14952 (C:\Users\tunah\code-examples\backend\backend\target\classes started by tunah in C:\Users\tunah\code-examples\backend)
2023-06-04T01:26:34.718+03:00  INFO 14952 --- [restartedMain] c.bookstore.backend.BackendApplication   : No active profile set, falling back to 1 default profile: "default"
2023-06-04T01:26:34.789+03:00  INFO 14952 --- [restartedMain] .e.DevToolsPropertyDefaultsPostProcessor : Devtools property defaults active! Set 'spring.devtools.add-properties' to 'false' to disable
2023-06-04T01:26:34.790+03:00  INFO 14952 --- [restartedMain] .e.DevToolsPropertyDefaultsPostProcessor : For additional web related logging consider setting the 'logging.level.web' property to 'DEBUG'
2023-06-04T01:26:35.727+03:00  INFO 14952 --- [restartedMain] .s.d.r.c.RepositoryConfigurationDelegate : Bootstrapping Spring Data JPA repositories in DEFAULT mode.
2023-06-04T01:26:35.836+03:00  INFO 14952 --- [restartedMain] .s.d.r.c.RepositoryConfigurationDelegate : Finished Spring Data repository scanning in 94 ms. Found 2 JPA repository interfaces.
2023-06-04T01:26:37.050+03:00  INFO 14952 --- [restartedMain] o.s.b.w.embedded.tomcat.TomcatWebServer  : Tomcat initialized with port(s): 8080 (http)
2023-06-04T01:26:37.066+03:00  INFO 14952 --- [restartedMain] o.apache.catalina.core.StandardService   : Starting service [Tomcat]
2023-06-04T01:26:37.067+03:00  INFO 14952 --- [restartedMain] o.apache.catalina.core.StandardEngine    : Starting Servlet engine: [Apache Tomcat/10.1.8]
2023-06-04T01:26:37.175+03:00  INFO 14952 --- [restartedMain] o.a.c.c.C.[Tomcat].[localhost].[/]       : Initializing Spring embedded WebApplicationContext
2023-06-04T01:26:37.176+03:00  INFO 14952 --- [restartedMain] w.s.c.ServletWebServerApplicationContext : Root WebApplicationContext: initialization completed in 2384 ms
2023-06-04T01:26:37.449+03:00  INFO 14952 --- [restartedMain] o.hibernate.jpa.internal.util.LogHelper  : HHH000204: Processing PersistenceUnitInfo [name: default]
2023-06-04T01:26:37.521+03:00  INFO 14952 --- [restartedMain] org.hibernate.Version                    : HHH000412: Hibernate ORM core version 6.2.2.Final
2023-06-04T01:26:37.525+03:00  INFO 14952 --- [restartedMain] org.hibernate.cfg.Environment            : HHH000406: Using bytecode reflection optimizer
2023-06-04T01:26:37.748+03:00  INFO 14952 --- [restartedMain] o.h.b.i.BytecodeProviderInitiator        : HHH000021: Bytecode provider name : bytebuddy
2023-06-04T01:26:37.948+03:00  INFO 14952 --- [restartedMain] o.s.o.j.p.SpringPersistenceUnitInfo      : No LoadTimeWeaver setup: ignoring JPA class transformer
2023-06-04T01:26:37.972+03:00  INFO 14952 --- [restartedMain] com.zaxxer.hikari.HikariDataSource       : HikariPool-1 - Starting...
2023-06-04T01:26:38.258+03:00  INFO 14952 --- [restartedMain] com.zaxxer.hikari.pool.HikariPool        : HikariPool-1 - Added connection org.postgresql.jdbc.PgConnection@437d4439
2023-06-04T01:26:38.260+03:00  INFO 14952 --- [restartedMain] com.zaxxer.hikari.HikariDataSource       : HikariPool-1 - Start completed.
2023-06-04T01:26:38.324+03:00  INFO 14952 --- [restartedMain] org.hibernate.orm.dialect                : HHH035001: Using dialect: org.hibernate.dialect.PostgreSQLDialect, version: org.hibernate.engine.jdbc.env.internal.JdbcEnvironmentInitiator$DialectResolutionInfoImpl@1158d128
2023-06-04T01:26:38.695+03:00  INFO 14952 --- [restartedMain] o.h.b.i.BytecodeProviderInitiator        : HHH000021: Bytecode provider name : bytebuddy
2023-06-04T01:26:39.560+03:00  INFO 14952 --- [restartedMain] o.h.e.t.j.p.i.JtaPlatformInitiator       : HHH000490: Using JtaPlatform implementation: [org.hibernate.engine.transaction.jta.platform.internal.NoJtaPlatform]
2023-06-04T01:26:39.637+03:00  INFO 14952 --- [restartedMain] j.LocalContainerEntityManagerFactoryBean : Initialized JPA EntityManagerFactory for persistence unit 'default'
2023-06-04T01:26:39.714+03:00  WARN 14952 --- [restartedMain] JpaBaseConfiguration$JpaWebConfiguration : spring.jpa.open-in-view is enabled by default. Therefore, database queries may be performed during view rendering. Explicitly configure spring.jpa.open-in-view to disable this warning
2023-06-04T01:26:40.553+03:00  INFO 14952 --- [restartedMain] o.s.b.d.a.OptionalLiveReloadServer       : LiveReload server is running on port 35729
2023-06-04T01:26:40.600+03:00  INFO 14952 --- [restartedMain] o.s.b.w.embedded.tomcat.TomcatWebServer  : Tomcat started on port(s): 8080 (http) with context path ''
2023-06-04T01:26:40.619+03:00  INFO 14952 --- [restartedMain] c.bookstore.backend.BackendApplication   : Started BackendApplication in 6.449 seconds (process running for 7.11)
2023-06-04T01:26:45.091+03:00  INFO 14952 --- [http-nio-8080-exec-1] o.a.c.c.C.[Tomcat].[localhost].[/]       : Initializing Spring DispatcherServlet 'dispatcherServlet'
2023-06-04T01:26:45.091+03:00  INFO 14952 --- [http-nio-8080-exec-1] o.s.web.servlet.DispatcherServlet        : Initializing Servlet 'dispatcherServlet'
2023-06-04T01:26:45.092+03:00  INFO 14952 --- [http-nio-8080-exec-1] o.s.web.servlet.DispatcherServlet        : Completed initialization in 1 ms
2023-06-04T01:27:24.165+03:00  INFO 14952 --- [SpringApplicationShutdownHook] j.LocalContainerEntityManagerFactoryBean : Closing JPA EntityManagerFactory for persistence unit 'default'
2023-06-04T01:27:24.168+03:00  INFO 14952 --- [SpringApplicationShutdownHook] com.zaxxer.hikari.HikariDataSource       : HikariPool-1 - Shutdown initiated...
2023-06-04T01:27:24.173+03:00  INFO 14952 --- [SpringApplicationShutdownHook] com.zaxxer.hikari.HikariDataSource       : HikariPool-1 - Shutdown completed.
